{"C:\\Users\\luisfernando.mendez\\Documents\\Globant\\Trainings\\WebUI\\Bootcamp\\Exercises\\Bootcamp Exercises\\Day5-JSTesting\\js-unittesting\\functions.js": {"path":"C:\\Users\\luisfernando.mendez\\Documents\\Globant\\Trainings\\WebUI\\Bootcamp\\Exercises\\Bootcamp Exercises\\Day5-JSTesting\\js-unittesting\\functions.js","statementMap":{"0":{"start":{"line":1,"column":18},"end":{"line":9,"column":1}},"1":{"start":{"line":2,"column":28},"end":{"line":2,"column":39}},"2":{"start":{"line":3,"column":16},"end":{"line":3,"column":20}},"3":{"start":{"line":4,"column":26},"end":{"line":4,"column":40}},"4":{"start":{"line":6,"column":17},"end":{"line":6,"column":48}},"5":{"start":{"line":7,"column":4},"end":{"line":7,"column":16}},"6":{"start":{"line":11,"column":0},"end":{"line":11,"column":27}}},"fnMap":{"0":{"name":"(anonymous_0)","decl":{"start":{"line":2,"column":12},"end":{"line":2,"column":13}},"loc":{"start":{"line":2,"column":28},"end":{"line":2,"column":39}},"line":2},"1":{"name":"(anonymous_1)","decl":{"start":{"line":3,"column":10},"end":{"line":3,"column":11}},"loc":{"start":{"line":3,"column":16},"end":{"line":3,"column":20}},"line":3},"2":{"name":"(anonymous_2)","decl":{"start":{"line":4,"column":15},"end":{"line":4,"column":16}},"loc":{"start":{"line":4,"column":26},"end":{"line":4,"column":40}},"line":4},"3":{"name":"(anonymous_3)","decl":{"start":{"line":5,"column":15},"end":{"line":5,"column":16}},"loc":{"start":{"line":5,"column":29},"end":{"line":8,"column":3}},"line":5}},"branchMap":{},"s":{"0":1,"1":4,"2":5,"3":11,"4":5,"5":5,"6":1},"f":{"0":4,"1":5,"2":11,"3":5},"b":{},"_coverageSchema":"1a1c01bbd47fc00a2c39e90264f33305004495a9","hash":"682614e31ae9b545e8b1acc0777a62e7b4749022"}
,"C:\\Users\\luisfernando.mendez\\Documents\\Globant\\Trainings\\WebUI\\Bootcamp\\Exercises\\Bootcamp Exercises\\Day5-JSTesting\\js-unittesting\\suma\\index.js": {"path":"C:\\Users\\luisfernando.mendez\\Documents\\Globant\\Trainings\\WebUI\\Bootcamp\\Exercises\\Bootcamp Exercises\\Day5-JSTesting\\js-unittesting\\suma\\index.js","statementMap":{"0":{"start":{"line":2,"column":4},"end":{"line":2,"column":15}},"1":{"start":{"line":5,"column":0},"end":{"line":5,"column":21}}},"fnMap":{"0":{"name":"sum","decl":{"start":{"line":1,"column":9},"end":{"line":1,"column":12}},"loc":{"start":{"line":1,"column":18},"end":{"line":3,"column":1}},"line":1}},"branchMap":{},"s":{"0":3,"1":1},"f":{"0":3},"b":{},"_coverageSchema":"1a1c01bbd47fc00a2c39e90264f33305004495a9","hash":"767e03cba74e739af64f87d2270d99bf5a365f55"}
}
